Start testing: Sep 30 04:54 KST
----------------------------------------------------------
1/10 Testing: FileInitTest.HandlesInitialization
1/10 Test: FileInitTest.HandlesInitialization
Command: "/root/db_project/db_project/build/bin/db_test" "--gtest_filter=FileInitTest.HandlesInitialization" "--gtest_also_run_disabled_tests"
Directory: /root/db_project/db_project/build/test
"FileInitTest.HandlesInitialization" start time: Sep 30 04:54 KST
Output:
----------------------------------------------------------
Running main() from /root/db_project/db_project/build/_deps/googletest-src/googletest/src/gtest_main.cc
Note: Google Test filter = FileInitTest.HandlesInitialization
[==========] Running 1 test from 1 test suite.
[----------] Global test environment set-up.
[----------] 1 test from FileInitTest
[ RUN      ] FileInitTest.HandlesInitialization
[       OK ] FileInitTest.HandlesInitialization (60 ms)
[----------] 1 test from FileInitTest (60 ms total)

[----------] Global test environment tear-down
[==========] 1 test from 1 test suite ran. (60 ms total)
[  PASSED  ] 1 test.
<end of output>
Test time =   0.06 sec
----------------------------------------------------------
Test Passed.
"FileInitTest.HandlesInitialization" end time: Sep 30 04:54 KST
"FileInitTest.HandlesInitialization" time elapsed: 00:00:00
----------------------------------------------------------

2/10 Testing: FileTest.HandlesPageAllocation
2/10 Test: FileTest.HandlesPageAllocation
Command: "/root/db_project/db_project/build/bin/db_test" "--gtest_filter=FileTest.HandlesPageAllocation" "--gtest_also_run_disabled_tests"
Directory: /root/db_project/db_project/build/test
"FileTest.HandlesPageAllocation" start time: Sep 30 04:54 KST
Output:
----------------------------------------------------------
Running main() from /root/db_project/db_project/build/_deps/googletest-src/googletest/src/gtest_main.cc
Note: Google Test filter = FileTest.HandlesPageAllocation
[==========] Running 1 test from 1 test suite.
[----------] Global test environment set-up.
[----------] 1 test from FileTest
[ RUN      ] FileTest.HandlesPageAllocation
[       OK ] FileTest.HandlesPageAllocation (103 ms)
[----------] 1 test from FileTest (103 ms total)

[----------] Global test environment tear-down
[==========] 1 test from 1 test suite ran. (103 ms total)
[  PASSED  ] 1 test.
<end of output>
Test time =   0.12 sec
----------------------------------------------------------
Test Passed.
"FileTest.HandlesPageAllocation" end time: Sep 30 04:54 KST
"FileTest.HandlesPageAllocation" time elapsed: 00:00:00
----------------------------------------------------------

3/10 Testing: FileTest.CheckReadWriteOperation
3/10 Test: FileTest.CheckReadWriteOperation
Command: "/root/db_project/db_project/build/bin/db_test" "--gtest_filter=FileTest.CheckReadWriteOperation" "--gtest_also_run_disabled_tests"
Directory: /root/db_project/db_project/build/test
"FileTest.CheckReadWriteOperation" start time: Sep 30 04:54 KST
Output:
----------------------------------------------------------
Running main() from /root/db_project/db_project/build/_deps/googletest-src/googletest/src/gtest_main.cc
Note: Google Test filter = FileTest.CheckReadWriteOperation
[==========] Running 1 test from 1 test suite.
[----------] Global test environment set-up.
[----------] 1 test from FileTest
[ RUN      ] FileTest.CheckReadWriteOperation
[       OK ] FileTest.CheckReadWriteOperation (77 ms)
[----------] 1 test from FileTest (77 ms total)

[----------] Global test environment tear-down
[==========] 1 test from 1 test suite ran. (78 ms total)
[  PASSED  ] 1 test.
<end of output>
Test time =   0.09 sec
----------------------------------------------------------
Test Passed.
"FileTest.CheckReadWriteOperation" end time: Sep 30 04:54 KST
"FileTest.CheckReadWriteOperation" time elapsed: 00:00:00
----------------------------------------------------------

4/10 Testing: FactorialTest.HandlesZeroInput
4/10 Test: FactorialTest.HandlesZeroInput
Command: "/root/db_project/db_project/build/bin/db_test" "--gtest_filter=FactorialTest.HandlesZeroInput" "--gtest_also_run_disabled_tests"
Directory: /root/db_project/db_project/build/test
"FactorialTest.HandlesZeroInput" start time: Sep 30 04:54 KST
Output:
----------------------------------------------------------
Running main() from /root/db_project/db_project/build/_deps/googletest-src/googletest/src/gtest_main.cc
Note: Google Test filter = FactorialTest.HandlesZeroInput
[==========] Running 1 test from 1 test suite.
[----------] Global test environment set-up.
[----------] 1 test from FactorialTest
[ RUN      ] FactorialTest.HandlesZeroInput
[       OK ] FactorialTest.HandlesZeroInput (0 ms)
[----------] 1 test from FactorialTest (0 ms total)

[----------] Global test environment tear-down
[==========] 1 test from 1 test suite ran. (0 ms total)
[  PASSED  ] 1 test.
<end of output>
Test time =   0.01 sec
----------------------------------------------------------
Test Passed.
"FactorialTest.HandlesZeroInput" end time: Sep 30 04:54 KST
"FactorialTest.HandlesZeroInput" time elapsed: 00:00:00
----------------------------------------------------------

5/10 Testing: FactorialTest.HandlesPositiveInput
5/10 Test: FactorialTest.HandlesPositiveInput
Command: "/root/db_project/db_project/build/bin/db_test" "--gtest_filter=FactorialTest.HandlesPositiveInput" "--gtest_also_run_disabled_tests"
Directory: /root/db_project/db_project/build/test
"FactorialTest.HandlesPositiveInput" start time: Sep 30 04:54 KST
Output:
----------------------------------------------------------
Running main() from /root/db_project/db_project/build/_deps/googletest-src/googletest/src/gtest_main.cc
Note: Google Test filter = FactorialTest.HandlesPositiveInput
[==========] Running 1 test from 1 test suite.
[----------] Global test environment set-up.
[----------] 1 test from FactorialTest
[ RUN      ] FactorialTest.HandlesPositiveInput
[       OK ] FactorialTest.HandlesPositiveInput (0 ms)
[----------] 1 test from FactorialTest (0 ms total)

[----------] Global test environment tear-down
[==========] 1 test from 1 test suite ran. (0 ms total)
[  PASSED  ] 1 test.
<end of output>
Test time =   0.01 sec
----------------------------------------------------------
Test Passed.
"FactorialTest.HandlesPositiveInput" end time: Sep 30 04:54 KST
"FactorialTest.HandlesPositiveInput" time elapsed: 00:00:00
----------------------------------------------------------

6/10 Testing: PrimeTest.HandlesOneInput
6/10 Test: PrimeTest.HandlesOneInput
Command: "/root/db_project/db_project/build/bin/db_test" "--gtest_filter=PrimeTest.HandlesOneInput" "--gtest_also_run_disabled_tests"
Directory: /root/db_project/db_project/build/test
"PrimeTest.HandlesOneInput" start time: Sep 30 04:54 KST
Output:
----------------------------------------------------------
Running main() from /root/db_project/db_project/build/_deps/googletest-src/googletest/src/gtest_main.cc
Note: Google Test filter = PrimeTest.HandlesOneInput
[==========] Running 1 test from 1 test suite.
[----------] Global test environment set-up.
[----------] 1 test from PrimeTest
[ RUN      ] PrimeTest.HandlesOneInput
[       OK ] PrimeTest.HandlesOneInput (0 ms)
[----------] 1 test from PrimeTest (0 ms total)

[----------] Global test environment tear-down
[==========] 1 test from 1 test suite ran. (0 ms total)
[  PASSED  ] 1 test.
<end of output>
Test time =   0.01 sec
----------------------------------------------------------
Test Passed.
"PrimeTest.HandlesOneInput" end time: Sep 30 04:54 KST
"PrimeTest.HandlesOneInput" time elapsed: 00:00:00
----------------------------------------------------------

7/10 Testing: PrimeTest.HandlesPositiveInput
7/10 Test: PrimeTest.HandlesPositiveInput
Command: "/root/db_project/db_project/build/bin/db_test" "--gtest_filter=PrimeTest.HandlesPositiveInput" "--gtest_also_run_disabled_tests"
Directory: /root/db_project/db_project/build/test
"PrimeTest.HandlesPositiveInput" start time: Sep 30 04:54 KST
Output:
----------------------------------------------------------
Running main() from /root/db_project/db_project/build/_deps/googletest-src/googletest/src/gtest_main.cc
Note: Google Test filter = PrimeTest.HandlesPositiveInput
[==========] Running 1 test from 1 test suite.
[----------] Global test environment set-up.
[----------] 1 test from PrimeTest
[ RUN      ] PrimeTest.HandlesPositiveInput
[       OK ] PrimeTest.HandlesPositiveInput (0 ms)
[----------] 1 test from PrimeTest (0 ms total)

[----------] Global test environment tear-down
[==========] 1 test from 1 test suite ran. (0 ms total)
[  PASSED  ] 1 test.
<end of output>
Test time =   0.01 sec
----------------------------------------------------------
Test Passed.
"PrimeTest.HandlesPositiveInput" end time: Sep 30 04:54 KST
"PrimeTest.HandlesPositiveInput" time elapsed: 00:00:00
----------------------------------------------------------

8/10 Testing: VectorTest.HasSameContent
8/10 Test: VectorTest.HasSameContent
Command: "/root/db_project/db_project/build/bin/db_test" "--gtest_filter=VectorTest.HasSameContent" "--gtest_also_run_disabled_tests"
Directory: /root/db_project/db_project/build/test
"VectorTest.HasSameContent" start time: Sep 30 04:54 KST
Output:
----------------------------------------------------------
Running main() from /root/db_project/db_project/build/_deps/googletest-src/googletest/src/gtest_main.cc
Note: Google Test filter = VectorTest.HasSameContent
[==========] Running 1 test from 1 test suite.
[----------] Global test environment set-up.
[----------] 1 test from VectorTest
[ RUN      ] VectorTest.HasSameContent
[       OK ] VectorTest.HasSameContent (0 ms)
[----------] 1 test from VectorTest (0 ms total)

[----------] Global test environment tear-down
[==========] 1 test from 1 test suite ran. (0 ms total)
[  PASSED  ] 1 test.
<end of output>
Test time =   0.01 sec
----------------------------------------------------------
Test Passed.
"VectorTest.HasSameContent" end time: Sep 30 04:54 KST
"VectorTest.HasSameContent" time elapsed: 00:00:00
----------------------------------------------------------

9/10 Testing: IntVectorTest.HasSameContent
9/10 Test: IntVectorTest.HasSameContent
Command: "/root/db_project/db_project/build/bin/db_test" "--gtest_filter=IntVectorTest.HasSameContent" "--gtest_also_run_disabled_tests"
Directory: /root/db_project/db_project/build/test
"IntVectorTest.HasSameContent" start time: Sep 30 04:54 KST
Output:
----------------------------------------------------------
Running main() from /root/db_project/db_project/build/_deps/googletest-src/googletest/src/gtest_main.cc
Note: Google Test filter = IntVectorTest.HasSameContent
[==========] Running 1 test from 1 test suite.
[----------] Global test environment set-up.
[----------] 1 test from IntVectorTest
[ RUN      ] IntVectorTest.HasSameContent
[       OK ] IntVectorTest.HasSameContent (0 ms)
[----------] 1 test from IntVectorTest (0 ms total)

[----------] Global test environment tear-down
[==========] 1 test from 1 test suite ran. (0 ms total)
[  PASSED  ] 1 test.
<end of output>
Test time =   0.01 sec
----------------------------------------------------------
Test Passed.
"IntVectorTest.HasSameContent" end time: Sep 30 04:54 KST
"IntVectorTest.HasSameContent" time elapsed: 00:00:00
----------------------------------------------------------

10/10 Testing: IntVectorTest.IsNotEmptyInitialily
10/10 Test: IntVectorTest.IsNotEmptyInitialily
Command: "/root/db_project/db_project/build/bin/db_test" "--gtest_filter=IntVectorTest.IsNotEmptyInitialily" "--gtest_also_run_disabled_tests"
Directory: /root/db_project/db_project/build/test
"IntVectorTest.IsNotEmptyInitialily" start time: Sep 30 04:54 KST
Output:
----------------------------------------------------------
Running main() from /root/db_project/db_project/build/_deps/googletest-src/googletest/src/gtest_main.cc
Note: Google Test filter = IntVectorTest.IsNotEmptyInitialily
[==========] Running 1 test from 1 test suite.
[----------] Global test environment set-up.
[----------] 1 test from IntVectorTest
[ RUN      ] IntVectorTest.IsNotEmptyInitialily
[       OK ] IntVectorTest.IsNotEmptyInitialily (0 ms)
[----------] 1 test from IntVectorTest (0 ms total)

[----------] Global test environment tear-down
[==========] 1 test from 1 test suite ran. (0 ms total)
[  PASSED  ] 1 test.
<end of output>
Test time =   0.01 sec
----------------------------------------------------------
Test Passed.
"IntVectorTest.IsNotEmptyInitialily" end time: Sep 30 04:54 KST
"IntVectorTest.IsNotEmptyInitialily" time elapsed: 00:00:00
----------------------------------------------------------

End testing: Sep 30 04:54 KST
